<?xml version="1.0" encoding="UTF-8"?>
<!-- Generated by org.testng.reporters.JUnitReportReporter -->
<testsuite hostname="Srinivasulu" failures="0" tests="3" name="com.marvelbank.qa.testcases.HomePageTest" time="19.436" errors="0" timestamp="2022-05-03T10:21:36 IST" skipped="0">
  <testcase classname="com.marvelbank.qa.testcases.HomePageTest" name="validateTitle" time="6.100"/>
  <system-out/>
  <testcase classname="com.marvelbank.qa.testcases.HomePageTest" name="validateLogo" time="6.086"/>
  <system-out/>
  <testcase classname="com.marvelbank.qa.testcases.HomePageTest" name="clickDeleteCustomerBtn" time="7.250"/>
  <system-out/>
</testsuite> <!-- com.marvelbank.qa.testcases.HomePageTest -->
