<?xml version="1.0" encoding="UTF-8"?>
<!-- Generated by org.testng.reporters.JUnitReportReporter -->
<testsuite hostname="Srinivasulu" failures="0" tests="3" name="com.marvelbank.qa.testcases.LoginPageTest" time="16.002" errors="0" timestamp="2022-05-03T10:21:36 IST" skipped="0">
  <testcase classname="com.marvelbank.qa.testcases.LoginPageTest" name="validateTitle" time="4.572"/>
  <system-out/>
  <testcase classname="com.marvelbank.qa.testcases.LoginPageTest" name="validateLogo" time="4.343"/>
  <system-out/>
  <testcase classname="com.marvelbank.qa.testcases.LoginPageTest" name="loginToApp" time="7.087"/>
  <system-out/>
</testsuite> <!-- com.marvelbank.qa.testcases.LoginPageTest -->
